2025-05-17 17:31:57,252 - grid_bot - INFO - ¡ÓÚ Á‡ÔÛ˘ÂÌ ‚ ÚÂÒÚÓ‚ÓÏ ÂÊËÏÂ ·ÂÁ ‰ÓÒÚÛÔ‡ Í API
2025-05-17 17:31:57,254 - grid_bot - INFO - »ÌËˆË‡ÎËÁËÓ‚‡Ì Grid-·ÓÚ ‰Îˇ BTCUSDT Ò 5 ÛÓ‚ÌˇÏË: ÓÚ 28000.0 ‰Ó 32000.0
2025-05-17 17:31:57,254 - grid_bot - INFO - “ÂÒÚÓ‚˚È ÂÊËÏ: ËÒÔÓÎ¸ÁÛÂÏ ˆÂÌÛ 30000.0
2025-05-17 17:31:57,254 - grid_bot - INFO - ¬˚ÒÚ‡‚ÎˇÂÏ Ì‡˜‡Î¸Ì˚Â Ó‰Â‡: 3 Buy, 3 Sell
2025-05-17 17:31:57,255 - grid_bot - INFO - Õ‡˜‡Î¸Ì˚Â Ó‰Â‡ ‚˚ÒÚ‡‚ÎÂÌ˚: 0 ‡ÍÚË‚Ì˚ı Ó‰ÂÓ‚
2025-05-17 17:31:57,255 - grid_bot - INFO - Grid-·ÓÚ Á‡ÔÛ˘ÂÌ ‰Îˇ BTCUSDT
2025-05-17 17:31:57,255 - grid_bot - ERROR - Œ¯Ë·Í‡ ÔË Á‡ÔÛÒÍÂ ·ÓÚ‡: 
2025-05-17 17:31:57,255 - grid_bot - INFO - ŒÚÏÂÌˇÂÏ ‚ÒÂ ‡ÍÚË‚Ì˚Â Ó‰Â‡...
2025-05-17 17:31:57,256 - grid_bot - INFO - [“≈—“] ŒÚÏÂÌ‡ ‚ÒÂı Ó‰ÂÓ‚ Ë Á‡Í˚ÚËÂ ÒÓÂ‰ËÌÂÌËÈ
2025-05-17 17:31:57,256 - grid_bot - INFO - –ÂÒÛÒ˚ ÛÒÔÂ¯ÌÓ Ó˜Ë˘ÂÌ˚, ·ÓÚ Á‡‚Â¯ËÎ ‡·ÓÚÛ
2025-05-17 17:33:22,717 - grid_bot - INFO - –ë–æ—Ç –∑–∞–ø—É—â–µ–Ω –≤ —Ç–µ—Å—Ç–æ–≤–æ–º —Ä–µ–∂–∏–º–µ –±–µ–∑ –¥–æ—Å—Ç—É–ø–∞ –∫ API
2025-05-17 17:33:22,718 - grid_bot - INFO - –ò–Ω–∏—Ü–∏–∞–ª–∏–∑–∏—Ä–æ–≤–∞–Ω Grid-–±–æ—Ç –¥–ª—è BTCUSDT —Å 5 —É—Ä–æ–≤–Ω—è–º–∏: –æ—Ç 28000.0 –¥–æ 32000.0
2025-05-17 17:33:22,718 - grid_bot - INFO - –ó–∞–ø—É—Å–∫ Grid-–±–æ—Ç–∞ –¥–ª—è BTCUSDT
2025-05-17 17:33:22,718 - grid_bot - INFO - –ü–∞—Ä–∞–º–µ—Ç—Ä—ã: –Ω–∏–∂–Ω—è—è –≥—Ä–∞–Ω–∏—Ü–∞=28000.0, –≤–µ—Ä—Ö–Ω—è—è –≥—Ä–∞–Ω–∏—Ü–∞=32000.0, —É—Ä–æ–≤–Ω–µ–π=5, –∫–æ–ª–∏—á–µ—Å—Ç–≤–æ=0.001
2025-05-17 17:33:22,719 - grid_bot - INFO - –†–µ–∂–∏–º: –¢–ï–°–¢–û–í–´–ô (–±–µ–∑ –¥–æ—Å—Ç—É–ø–∞ –∫ API)
2025-05-17 17:33:22,719 - grid_bot - INFO - –¢–µ—Å—Ç–æ–≤—ã–π —Ä–µ–∂–∏–º: –∏—Å–ø–æ–ª—å–∑—É–µ–º —Ü–µ–Ω—É 30000.0
2025-05-17 17:33:22,719 - grid_bot - INFO - –í—ã—Å—Ç–∞–≤–ª—è–µ–º –Ω–∞—á–∞–ª—å–Ω—ã–µ –æ—Ä–¥–µ—Ä–∞: 3 Buy, 3 Sell
2025-05-17 17:33:22,719 - grid_bot - INFO - [–¢–ï–°–¢] –°–æ–∑–¥–∞–Ω –æ—Ä–¥–µ—Ä Buy 0.001 BTCUSDT –ø–æ —Ü–µ–Ω–µ 28000.0
2025-05-17 17:33:22,719 - grid_bot - INFO - [–¢–ï–°–¢] –°–æ–∑–¥–∞–Ω –æ—Ä–¥–µ—Ä Buy 0.001 BTCUSDT –ø–æ —Ü–µ–Ω–µ 28800.0
2025-05-17 17:33:22,720 - grid_bot - INFO - [–¢–ï–°–¢] –°–æ–∑–¥–∞–Ω –æ—Ä–¥–µ—Ä Buy 0.001 BTCUSDT –ø–æ —Ü–µ–Ω–µ 29600.0
2025-05-17 17:33:22,720 - grid_bot - INFO - [–¢–ï–°–¢] –°–æ–∑–¥–∞–Ω –æ—Ä–¥–µ—Ä Sell 0.001 BTCUSDT –ø–æ —Ü–µ–Ω–µ 30400.0
2025-05-17 17:33:22,720 - grid_bot - INFO - [–¢–ï–°–¢] –°–æ–∑–¥–∞–Ω –æ—Ä–¥–µ—Ä Sell 0.001 BTCUSDT –ø–æ —Ü–µ–Ω–µ 31200.0
2025-05-17 17:33:22,720 - grid_bot - INFO - [–¢–ï–°–¢] –°–æ–∑–¥–∞–Ω –æ—Ä–¥–µ—Ä Sell 0.001 BTCUSDT –ø–æ —Ü–µ–Ω–µ 32000.0
2025-05-17 17:33:22,720 - grid_bot - INFO - –ù–∞—á–∞–ª—å–Ω—ã–µ –æ—Ä–¥–µ—Ä–∞ –≤—ã—Å—Ç–∞–≤–ª–µ–Ω—ã: 6 –∞–∫—Ç–∏–≤–Ω—ã—Ö –æ—Ä–¥–µ—Ä–æ–≤
2025-05-17 17:33:22,720 - grid_bot - INFO - –¢–µ—Å—Ç–æ–≤—ã–π —Ä–µ–∂–∏–º: WebSocket –Ω–µ –∑–∞–ø—É—Å–∫–∞–µ—Ç—Å—è
2025-05-17 17:33:22,721 - grid_bot - INFO - –ó–∞–ø—É—Å–∫ —Å–∏–º—É–ª—è—Ü–∏–∏ –∏—Å–ø–æ–ª–Ω–µ–Ω–∏—è –æ—Ä–¥–µ—Ä–æ–≤
2025-05-17 17:33:22,721 - grid_bot - INFO - Grid-–±–æ—Ç –∑–∞–ø—É—â–µ–Ω –¥–ª—è BTCUSDT
2025-05-17 17:33:24,722 - grid_bot - INFO - [–¢–ï–°–¢] –ò—Å–ø–æ–ª–Ω–µ–Ω –æ—Ä–¥–µ—Ä Buy –ø–æ —Ü–µ–Ω–µ 28000.0
2025-05-17 17:33:24,722 - grid_bot - INFO - –ò—Å–ø–æ–ª–Ω–µ–Ω –æ—Ä–¥–µ—Ä Buy 0.001 BTCUSDT –ø–æ —Ü–µ–Ω–µ 28000.0
2025-05-17 17:33:24,722 - grid_bot - ERROR - –û—à–∏–±–∫–∞ –ø—Ä–∏ –æ–±—Ä–∞–±–æ—Ç–∫–µ –∏—Å–ø–æ–ª–Ω–µ–Ω–∏—è –æ—Ä–¥–µ—Ä–∞: 'GridBotDB' object has no attribute 'add_trade'
2025-05-17 17:33:26,723 - grid_bot - INFO - [–¢–ï–°–¢] –ò—Å–ø–æ–ª–Ω–µ–Ω –æ—Ä–¥–µ—Ä Buy –ø–æ —Ü–µ–Ω–µ 29600.0
2025-05-17 17:33:26,723 - grid_bot - INFO - –ò—Å–ø–æ–ª–Ω–µ–Ω –æ—Ä–¥–µ—Ä Buy 0.001 BTCUSDT –ø–æ —Ü–µ–Ω–µ 29600.0
2025-05-17 17:33:26,724 - grid_bot - ERROR - –û—à–∏–±–∫–∞ –ø—Ä–∏ –æ–±—Ä–∞–±–æ—Ç–∫–µ –∏—Å–ø–æ–ª–Ω–µ–Ω–∏—è –æ—Ä–¥–µ—Ä–∞: 'GridBotDB' object has no attribute 'add_trade'
2025-05-17 17:33:28,724 - grid_bot - INFO - [–¢–ï–°–¢] –ò—Å–ø–æ–ª–Ω–µ–Ω –æ—Ä–¥–µ—Ä Sell –ø–æ —Ü–µ–Ω–µ 31200.0
2025-05-17 17:33:28,725 - grid_bot - INFO - –ò—Å–ø–æ–ª–Ω–µ–Ω –æ—Ä–¥–µ—Ä Sell 0.001 BTCUSDT –ø–æ —Ü–µ–Ω–µ 31200.0
2025-05-17 17:33:28,725 - grid_bot - ERROR - –û—à–∏–±–∫–∞ –ø—Ä–∏ –æ–±—Ä–∞–±–æ—Ç–∫–µ –∏—Å–ø–æ–ª–Ω–µ–Ω–∏—è –æ—Ä–¥–µ—Ä–∞: 'GridBotDB' object has no attribute 'add_trade'
2025-05-17 17:34:22,722 - grid_bot - ERROR - –ù–µ–æ–±—Ä–∞–±–æ—Ç–∞–Ω–Ω–∞—è –æ—à–∏–±–∫–∞: 'GridBotDB' object has no attribute 'get_trades'
2025-05-17 17:34:22,723 - grid_bot - INFO - –û—Ç–º–µ–Ω—è–µ–º –≤—Å–µ –∞–∫—Ç–∏–≤–Ω—ã–µ –æ—Ä–¥–µ—Ä–∞...
2025-05-17 17:34:22,723 - grid_bot - INFO - [–¢–ï–°–¢] –û—Ç–º–µ–Ω–∞ –≤—Å–µ—Ö –æ—Ä–¥–µ—Ä–æ–≤ –∏ –∑–∞–∫—Ä—ã—Ç–∏–µ —Å–æ–µ–¥–∏–Ω–µ–Ω–∏–π
2025-05-17 17:34:22,723 - grid_bot - INFO - –†–µ—Å—É—Ä—Å—ã —É—Å–ø–µ—à–Ω–æ –æ—á–∏—â–µ–Ω—ã, –±–æ—Ç –∑–∞–≤–µ—Ä—à–∏–ª —Ä–∞–±–æ—Ç—É
2025-05-17 17:35:30,235 - grid_bot - INFO - –ë–æ—Ç –∑–∞–ø—É—â–µ–Ω –≤ —Ç–µ—Å—Ç–æ–≤–æ–º —Ä–µ–∂–∏–º–µ –±–µ–∑ –¥–æ—Å—Ç—É–ø–∞ –∫ API
2025-05-17 17:35:30,236 - grid_bot - INFO - –ò–Ω–∏—Ü–∏–∞–ª–∏–∑–∏—Ä–æ–≤–∞–Ω Grid-–±–æ—Ç –¥–ª—è BTCUSDT —Å 5 —É—Ä–æ–≤–Ω—è–º–∏: –æ—Ç 28000.0 –¥–æ 32000.0
2025-05-17 17:35:30,236 - grid_bot - INFO - –ó–∞–ø—É—Å–∫ Grid-–±–æ—Ç–∞ –¥–ª—è BTCUSDT
2025-05-17 17:35:30,236 - grid_bot - INFO - –ü–∞—Ä–∞–º–µ—Ç—Ä—ã: –Ω–∏–∂–Ω—è—è –≥—Ä–∞–Ω–∏—Ü–∞=28000.0, –≤–µ—Ä—Ö–Ω—è—è –≥—Ä–∞–Ω–∏—Ü–∞=32000.0, —É—Ä–æ–≤–Ω–µ–π=5, –∫–æ–ª–∏—á–µ—Å—Ç–≤–æ=0.001
2025-05-17 17:35:30,237 - grid_bot - INFO - –†–µ–∂–∏–º: –¢–ï–°–¢–û–í–´–ô (–±–µ–∑ –¥–æ—Å—Ç—É–ø–∞ –∫ API)
2025-05-17 17:35:30,237 - grid_bot - INFO - –¢–µ—Å—Ç–æ–≤—ã–π —Ä–µ–∂–∏–º: –∏—Å–ø–æ–ª—å–∑—É–µ–º —Ü–µ–Ω—É 30000.0
2025-05-17 17:35:30,237 - grid_bot - INFO - –í—ã—Å—Ç–∞–≤–ª—è–µ–º –Ω–∞—á–∞–ª—å–Ω—ã–µ –æ—Ä–¥–µ—Ä–∞: 3 Buy, 3 Sell
2025-05-17 17:35:30,237 - grid_bot - INFO - [–¢–ï–°–¢] –°–æ–∑–¥–∞–Ω –æ—Ä–¥–µ—Ä Buy 0.001 BTCUSDT –ø–æ —Ü–µ–Ω–µ 28000.0
2025-05-17 17:35:30,237 - grid_bot - INFO - [–¢–ï–°–¢] –°–æ–∑–¥–∞–Ω –æ—Ä–¥–µ—Ä Buy 0.001 BTCUSDT –ø–æ —Ü–µ–Ω–µ 28800.0
2025-05-17 17:35:30,238 - grid_bot - INFO - [–¢–ï–°–¢] –°–æ–∑–¥–∞–Ω –æ—Ä–¥–µ—Ä Buy 0.001 BTCUSDT –ø–æ —Ü–µ–Ω–µ 29600.0
2025-05-17 17:35:30,238 - grid_bot - INFO - [–¢–ï–°–¢] –°–æ–∑–¥–∞–Ω –æ—Ä–¥–µ—Ä Sell 0.001 BTCUSDT –ø–æ —Ü–µ–Ω–µ 30400.0
2025-05-17 17:35:30,238 - grid_bot - INFO - [–¢–ï–°–¢] –°–æ–∑–¥–∞–Ω –æ—Ä–¥–µ—Ä Sell 0.001 BTCUSDT –ø–æ —Ü–µ–Ω–µ 31200.0
2025-05-17 17:35:30,238 - grid_bot - INFO - [–¢–ï–°–¢] –°–æ–∑–¥–∞–Ω –æ—Ä–¥–µ—Ä Sell 0.001 BTCUSDT –ø–æ —Ü–µ–Ω–µ 32000.0
2025-05-17 17:35:30,238 - grid_bot - INFO - –ù–∞—á–∞–ª—å–Ω—ã–µ –æ—Ä–¥–µ—Ä–∞ –≤—ã—Å—Ç–∞–≤–ª–µ–Ω—ã: 6 –∞–∫—Ç–∏–≤–Ω—ã—Ö –æ—Ä–¥–µ—Ä–æ–≤
2025-05-17 17:35:30,238 - grid_bot - INFO - –¢–µ—Å—Ç–æ–≤—ã–π —Ä–µ–∂–∏–º: WebSocket –Ω–µ –∑–∞–ø—É—Å–∫–∞–µ—Ç—Å—è
2025-05-17 17:35:30,239 - grid_bot - INFO - –ó–∞–ø—É—Å–∫ —Å–∏–º—É–ª—è—Ü–∏–∏ –∏—Å–ø–æ–ª–Ω–µ–Ω–∏—è –æ—Ä–¥–µ—Ä–æ–≤
2025-05-17 17:35:30,239 - grid_bot - INFO - Grid-–±–æ—Ç –∑–∞–ø—É—â–µ–Ω –¥–ª—è BTCUSDT
2025-05-17 17:35:32,240 - grid_bot - INFO - [–¢–ï–°–¢] –ò—Å–ø–æ–ª–Ω–µ–Ω –æ—Ä–¥–µ—Ä Buy –ø–æ —Ü–µ–Ω–µ 28000.0
2025-05-17 17:35:32,240 - grid_bot - INFO - –ò—Å–ø–æ–ª–Ω–µ–Ω –æ—Ä–¥–µ—Ä Buy 0.001 BTCUSDT –ø–æ —Ü–µ–Ω–µ 28000.0
2025-05-17 17:35:32,240 - grid_bot - ERROR - –û—à–∏–±–∫–∞ –ø—Ä–∏ –æ–±—Ä–∞–±–æ—Ç–∫–µ –∏—Å–ø–æ–ª–Ω–µ–Ω–∏—è –æ—Ä–¥–µ—Ä–∞: SQLite objects created in a thread can only be used in that same thread. The object was created in thread id 1324 and this is thread id 26668.
2025-05-17 17:35:34,241 - grid_bot - INFO - [–¢–ï–°–¢] –ò—Å–ø–æ–ª–Ω–µ–Ω –æ—Ä–¥–µ—Ä Buy –ø–æ —Ü–µ–Ω–µ 29600.0
2025-05-17 17:35:34,242 - grid_bot - INFO - –ò—Å–ø–æ–ª–Ω–µ–Ω –æ—Ä–¥–µ—Ä Buy 0.001 BTCUSDT –ø–æ —Ü–µ–Ω–µ 29600.0
2025-05-17 17:35:34,242 - grid_bot - ERROR - –û—à–∏–±–∫–∞ –ø—Ä–∏ –æ–±—Ä–∞–±–æ—Ç–∫–µ –∏—Å–ø–æ–ª–Ω–µ–Ω–∏—è –æ—Ä–¥–µ—Ä–∞: SQLite objects created in a thread can only be used in that same thread. The object was created in thread id 1324 and this is thread id 26668.
2025-05-17 17:35:36,243 - grid_bot - INFO - [–¢–ï–°–¢] –ò—Å–ø–æ–ª–Ω–µ–Ω –æ—Ä–¥–µ—Ä Sell –ø–æ —Ü–µ–Ω–µ 31200.0
2025-05-17 17:35:36,244 - grid_bot - INFO - –ò—Å–ø–æ–ª–Ω–µ–Ω –æ—Ä–¥–µ—Ä Sell 0.001 BTCUSDT –ø–æ —Ü–µ–Ω–µ 31200.0
2025-05-17 17:35:36,244 - grid_bot - ERROR - –û—à–∏–±–∫–∞ –ø—Ä–∏ –æ–±—Ä–∞–±–æ—Ç–∫–µ –∏—Å–ø–æ–ª–Ω–µ–Ω–∏—è –æ—Ä–¥–µ—Ä–∞: SQLite objects created in a thread can only be used in that same thread. The object was created in thread id 1324 and this is thread id 26668.
2025-05-17 17:36:30,240 - grid_bot - INFO - –°—Ç–∞—Ç–∏—Å—Ç–∏–∫–∞: –∞–∫—Ç–∏–≤–Ω—ã—Ö –æ—Ä–¥–µ—Ä–æ–≤=3, –∏—Å–ø–æ–ª–Ω–µ–Ω–æ=3, –æ–±—ä–µ–º –ø–æ–∫—É–ø–æ–∫=0.000000, –æ–±—ä–µ–º –ø—Ä–æ–¥–∞–∂=0.000000, –æ—Ä–∏–µ–Ω—Ç–∏—Ä–æ–≤–æ—á–Ω–∞—è –ø—Ä–∏–±—ã–ª—å=0.000000
2025-05-17 17:37:30,245 - grid_bot - INFO - –°—Ç–∞—Ç–∏—Å—Ç–∏–∫–∞: –∞–∫—Ç–∏–≤–Ω—ã—Ö –æ—Ä–¥–µ—Ä–æ–≤=3, –∏—Å–ø–æ–ª–Ω–µ–Ω–æ=3, –æ–±—ä–µ–º –ø–æ–∫—É–ø–æ–∫=0.000000, –æ–±—ä–µ–º –ø—Ä–æ–¥–∞–∂=0.000000, –æ—Ä–∏–µ–Ω—Ç–∏—Ä–æ–≤–æ—á–Ω–∞—è –ø—Ä–∏–±—ã–ª—å=0.000000
2025-05-17 17:38:30,246 - grid_bot - INFO - –°—Ç–∞—Ç–∏—Å—Ç–∏–∫–∞: –∞–∫—Ç–∏–≤–Ω—ã—Ö –æ—Ä–¥–µ—Ä–æ–≤=3, –∏—Å–ø–æ–ª–Ω–µ–Ω–æ=3, –æ–±—ä–µ–º –ø–æ–∫—É–ø–æ–∫=0.000000, –æ–±—ä–µ–º –ø—Ä–æ–¥–∞–∂=0.000000, –æ—Ä–∏–µ–Ω—Ç–∏—Ä–æ–≤–æ—á–Ω–∞—è –ø—Ä–∏–±—ã–ª—å=0.000000
2025-05-17 17:39:30,247 - grid_bot - INFO - –°—Ç–∞—Ç–∏—Å—Ç–∏–∫–∞: –∞–∫—Ç–∏–≤–Ω—ã—Ö –æ—Ä–¥–µ—Ä–æ–≤=3, –∏—Å–ø–æ–ª–Ω–µ–Ω–æ=3, –æ–±—ä–µ–º –ø–æ–∫—É–ø–æ–∫=0.000000, –æ–±—ä–µ–º –ø—Ä–æ–¥–∞–∂=0.000000, –æ—Ä–∏–µ–Ω—Ç–∏—Ä–æ–≤–æ—á–Ω–∞—è –ø—Ä–∏–±—ã–ª—å=0.000000
2025-05-17 17:40:30,248 - grid_bot - INFO - –°—Ç–∞—Ç–∏—Å—Ç–∏–∫–∞: –∞–∫—Ç–∏–≤–Ω—ã—Ö –æ—Ä–¥–µ—Ä–æ–≤=3, –∏—Å–ø–æ–ª–Ω–µ–Ω–æ=3, –æ–±—ä–µ–º –ø–æ–∫—É–ø–æ–∫=0.000000, –æ–±—ä–µ–º –ø—Ä–æ–¥–∞–∂=0.000000, –æ—Ä–∏–µ–Ω—Ç–∏—Ä–æ–≤–æ—á–Ω–∞—è –ø—Ä–∏–±—ã–ª—å=0.000000
2025-05-17 17:41:30,249 - grid_bot - INFO - –°—Ç–∞—Ç–∏—Å—Ç–∏–∫–∞: –∞–∫—Ç–∏–≤–Ω—ã—Ö –æ—Ä–¥–µ—Ä–æ–≤=3, –∏—Å–ø–æ–ª–Ω–µ–Ω–æ=3, –æ–±—ä–µ–º –ø–æ–∫—É–ø–æ–∫=0.000000, –æ–±—ä–µ–º –ø—Ä–æ–¥–∞–∂=0.000000, –æ—Ä–∏–µ–Ω—Ç–∏—Ä–æ–≤–æ—á–Ω–∞—è –ø—Ä–∏–±—ã–ª—å=0.000000
2025-05-17 17:45:44,479 - grid_bot - INFO - –ë–æ—Ç –∑–∞–ø—É—â–µ–Ω –≤ —Ç–µ—Å—Ç–æ–≤–æ–º —Ä–µ–∂–∏–º–µ –±–µ–∑ –¥–æ—Å—Ç—É–ø–∞ –∫ API
2025-05-17 17:46:12,252 - grid_bot - INFO - –ë–æ—Ç –∑–∞–ø—É—â–µ–Ω –≤ —Ç–µ—Å—Ç–æ–≤–æ–º —Ä–µ–∂–∏–º–µ –±–µ–∑ –¥–æ—Å—Ç—É–ø–∞ –∫ API
2025-05-17 17:46:12,253 - grid_bot - INFO - –ò–Ω–∏—Ü–∏–∞–ª–∏–∑–∏—Ä–æ–≤–∞–Ω Grid-–±–æ—Ç –¥–ª—è BTCUSDT —Å 10 —É—Ä–æ–≤–Ω—è–º–∏
2025-05-17 17:46:12,254 - grid_bot - INFO - –ó–∞–ø—É—Å–∫ Grid-–±–æ—Ç–∞ –¥–ª—è BTCUSDT
2025-05-17 17:46:12,254 - grid_bot - INFO - –ü–∞—Ä–∞–º–µ—Ç—Ä—ã: –Ω–∏–∂–Ω—è—è –≥—Ä–∞–Ω–∏—Ü–∞=0, –≤–µ—Ä—Ö–Ω—è—è –≥—Ä–∞–Ω–∏—Ü–∞=0, —É—Ä–æ–≤–Ω–µ–π=10, –∫–æ–ª–∏—á–µ—Å—Ç–≤–æ=0.001
2025-05-17 17:46:12,254 - grid_bot - INFO - –†–µ–∂–∏–º: –¢–ï–°–¢–û–í–´–ô (–±–µ–∑ –¥–æ—Å—Ç—É–ø–∞ –∫ API)
2025-05-17 17:46:12,254 - grid_bot - INFO - –¢–µ—Å—Ç–æ–≤—ã–π —Ä–µ–∂–∏–º: –∏—Å–ø–æ–ª—å–∑—É–µ–º —Ü–µ–Ω—É 103932.0
2025-05-17 17:46:12,255 - grid_bot - INFO - –ê–≤—Ç–æ–º–∞—Ç–∏—á–µ—Å–∫–∏ –æ–ø—Ä–µ–¥–µ–ª–µ–Ω –¥–∏–∞–ø–∞–∑–æ–Ω —Ü–µ–Ω: 101900.0 - 106000.0
2025-05-17 17:46:12,255 - grid_bot - INFO - –í—ã—Å—Ç–∞–≤–ª—è–µ–º –Ω–∞—á–∞–ª—å–Ω—ã–µ –æ—Ä–¥–µ—Ä–∞: 5 Buy, 6 Sell
2025-05-17 17:46:12,255 - grid_bot - INFO - [–¢–ï–°–¢] –°–æ–∑–¥–∞–Ω –æ—Ä–¥–µ—Ä Buy 0.001 BTCUSDT –ø–æ —Ü–µ–Ω–µ 101900.0
2025-05-17 17:46:12,255 - grid_bot - INFO - [–¢–ï–°–¢] –°–æ–∑–¥–∞–Ω –æ—Ä–¥–µ—Ä Buy 0.001 BTCUSDT –ø–æ —Ü–µ–Ω–µ 102310.0
2025-05-17 17:46:12,255 - grid_bot - INFO - [–¢–ï–°–¢] –°–æ–∑–¥–∞–Ω –æ—Ä–¥–µ—Ä Buy 0.001 BTCUSDT –ø–æ —Ü–µ–Ω–µ 102720.0
2025-05-17 17:46:12,256 - grid_bot - INFO - [–¢–ï–°–¢] –°–æ–∑–¥–∞–Ω –æ—Ä–¥–µ—Ä Buy 0.001 BTCUSDT –ø–æ —Ü–µ–Ω–µ 103130.0
2025-05-17 17:46:12,256 - grid_bot - INFO - [–¢–ï–°–¢] –°–æ–∑–¥–∞–Ω –æ—Ä–¥–µ—Ä Buy 0.001 BTCUSDT –ø–æ —Ü–µ–Ω–µ 103540.0
2025-05-17 17:46:12,256 - grid_bot - INFO - [–¢–ï–°–¢] –°–æ–∑–¥–∞–Ω –æ—Ä–¥–µ—Ä Sell 0.001 BTCUSDT –ø–æ —Ü–µ–Ω–µ 103950.0
2025-05-17 17:46:12,256 - grid_bot - INFO - [–¢–ï–°–¢] –°–æ–∑–¥–∞–Ω –æ—Ä–¥–µ—Ä Sell 0.001 BTCUSDT –ø–æ —Ü–µ–Ω–µ 104360.0
2025-05-17 17:46:12,256 - grid_bot - INFO - [–¢–ï–°–¢] –°–æ–∑–¥–∞–Ω –æ—Ä–¥–µ—Ä Sell 0.001 BTCUSDT –ø–æ —Ü–µ–Ω–µ 104770.0
2025-05-17 17:46:12,257 - grid_bot - INFO - [–¢–ï–°–¢] –°–æ–∑–¥–∞–Ω –æ—Ä–¥–µ—Ä Sell 0.001 BTCUSDT –ø–æ —Ü–µ–Ω–µ 105180.0
2025-05-17 17:46:12,257 - grid_bot - INFO - [–¢–ï–°–¢] –°–æ–∑–¥–∞–Ω –æ—Ä–¥–µ—Ä Sell 0.001 BTCUSDT –ø–æ —Ü–µ–Ω–µ 105590.0
2025-05-17 17:46:12,257 - grid_bot - INFO - [–¢–ï–°–¢] –°–æ–∑–¥–∞–Ω –æ—Ä–¥–µ—Ä Sell 0.001 BTCUSDT –ø–æ —Ü–µ–Ω–µ 106000.0
2025-05-17 17:46:12,257 - grid_bot - INFO - –ù–∞—á–∞–ª—å–Ω—ã–µ –æ—Ä–¥–µ—Ä–∞ –≤—ã—Å—Ç–∞–≤–ª–µ–Ω—ã: 11 –∞–∫—Ç–∏–≤–Ω—ã—Ö –æ—Ä–¥–µ—Ä–æ–≤
2025-05-17 17:46:12,257 - grid_bot - INFO - –¢–µ—Å—Ç–æ–≤—ã–π —Ä–µ–∂–∏–º: WebSocket –Ω–µ –∑–∞–ø—É—Å–∫–∞–µ—Ç—Å—è
2025-05-17 17:46:12,258 - grid_bot - INFO - –ó–∞–ø—É—Å–∫ —Å–∏–º—É–ª—è—Ü–∏–∏ –∏—Å–ø–æ–ª–Ω–µ–Ω–∏—è –æ—Ä–¥–µ—Ä–æ–≤
2025-05-17 17:46:12,258 - grid_bot - INFO - Grid-–±–æ—Ç –∑–∞–ø—É—â–µ–Ω –¥–ª—è BTCUSDT
2025-05-17 17:46:14,259 - grid_bot - INFO - [–¢–ï–°–¢] –ò—Å–ø–æ–ª–Ω–µ–Ω –æ—Ä–¥–µ—Ä Buy –ø–æ —Ü–µ–Ω–µ 101900.0
2025-05-17 17:46:14,259 - grid_bot - INFO - –ò—Å–ø–æ–ª–Ω–µ–Ω –æ—Ä–¥–µ—Ä Buy 0.001 BTCUSDT –ø–æ —Ü–µ–Ω–µ 101900.0
2025-05-17 17:46:14,259 - grid_bot - ERROR - –û—à–∏–±–∫–∞ –ø—Ä–∏ –æ–±—Ä–∞–±–æ—Ç–∫–µ –∏—Å–ø–æ–ª–Ω–µ–Ω–∏—è –æ—Ä–¥–µ—Ä–∞: SQLite objects created in a thread can only be used in that same thread. The object was created in thread id 26040 and this is thread id 10976.
2025-05-17 17:46:16,259 - grid_bot - INFO - [–¢–ï–°–¢] –ò—Å–ø–æ–ª–Ω–µ–Ω –æ—Ä–¥–µ—Ä Buy –ø–æ —Ü–µ–Ω–µ 102720.0
2025-05-17 17:46:16,260 - grid_bot - INFO - –ò—Å–ø–æ–ª–Ω–µ–Ω –æ—Ä–¥–µ—Ä Buy 0.001 BTCUSDT –ø–æ —Ü–µ–Ω–µ 102720.0
2025-05-17 17:46:16,260 - grid_bot - ERROR - –û—à–∏–±–∫–∞ –ø—Ä–∏ –æ–±—Ä–∞–±–æ—Ç–∫–µ –∏—Å–ø–æ–ª–Ω–µ–Ω–∏—è –æ—Ä–¥–µ—Ä–∞: SQLite objects created in a thread can only be used in that same thread. The object was created in thread id 26040 and this is thread id 10976.
2025-05-17 17:46:18,261 - grid_bot - INFO - [–¢–ï–°–¢] –ò—Å–ø–æ–ª–Ω–µ–Ω –æ—Ä–¥–µ—Ä Buy –ø–æ —Ü–µ–Ω–µ 103540.0
2025-05-17 17:46:18,261 - grid_bot - INFO - –ò—Å–ø–æ–ª–Ω–µ–Ω –æ—Ä–¥–µ—Ä Buy 0.001 BTCUSDT –ø–æ —Ü–µ–Ω–µ 103540.0
2025-05-17 17:46:18,262 - grid_bot - ERROR - –û—à–∏–±–∫–∞ –ø—Ä–∏ –æ–±—Ä–∞–±–æ—Ç–∫–µ –∏—Å–ø–æ–ª–Ω–µ–Ω–∏—è –æ—Ä–¥–µ—Ä–∞: SQLite objects created in a thread can only be used in that same thread. The object was created in thread id 26040 and this is thread id 10976.
2025-05-17 17:46:20,262 - grid_bot - INFO - [–¢–ï–°–¢] –ò—Å–ø–æ–ª–Ω–µ–Ω –æ—Ä–¥–µ—Ä Sell –ø–æ —Ü–µ–Ω–µ 104360.0
2025-05-17 17:46:20,263 - grid_bot - INFO - –ò—Å–ø–æ–ª–Ω–µ–Ω –æ—Ä–¥–µ—Ä Sell 0.001 BTCUSDT –ø–æ —Ü–µ–Ω–µ 104360.0
2025-05-17 17:46:20,263 - grid_bot - ERROR - –û—à–∏–±–∫–∞ –ø—Ä–∏ –æ–±—Ä–∞–±–æ—Ç–∫–µ –∏—Å–ø–æ–ª–Ω–µ–Ω–∏—è –æ—Ä–¥–µ—Ä–∞: SQLite objects created in a thread can only be used in that same thread. The object was created in thread id 26040 and this is thread id 10976.
2025-05-17 17:46:22,264 - grid_bot - INFO - [–¢–ï–°–¢] –ò—Å–ø–æ–ª–Ω–µ–Ω –æ—Ä–¥–µ—Ä Sell –ø–æ —Ü–µ–Ω–µ 105180.0
2025-05-17 17:46:22,264 - grid_bot - INFO - –ò—Å–ø–æ–ª–Ω–µ–Ω –æ—Ä–¥–µ—Ä Sell 0.001 BTCUSDT –ø–æ —Ü–µ–Ω–µ 105180.0
2025-05-17 17:46:22,264 - grid_bot - ERROR - –û—à–∏–±–∫–∞ –ø—Ä–∏ –æ–±—Ä–∞–±–æ—Ç–∫–µ –∏—Å–ø–æ–ª–Ω–µ–Ω–∏—è –æ—Ä–¥–µ—Ä–∞: SQLite objects created in a thread can only be used in that same thread. The object was created in thread id 26040 and this is thread id 10976.
2025-05-17 17:46:24,265 - grid_bot - INFO - [–¢–ï–°–¢] –ò—Å–ø–æ–ª–Ω–µ–Ω –æ—Ä–¥–µ—Ä Sell –ø–æ —Ü–µ–Ω–µ 106000.0
2025-05-17 17:46:24,265 - grid_bot - INFO - –ò—Å–ø–æ–ª–Ω–µ–Ω –æ—Ä–¥–µ—Ä Sell 0.001 BTCUSDT –ø–æ —Ü–µ–Ω–µ 106000.0
2025-05-17 17:46:24,266 - grid_bot - ERROR - –û—à–∏–±–∫–∞ –ø—Ä–∏ –æ–±—Ä–∞–±–æ—Ç–∫–µ –∏—Å–ø–æ–ª–Ω–µ–Ω–∏—è –æ—Ä–¥–µ—Ä–∞: SQLite objects created in a thread can only be used in that same thread. The object was created in thread id 26040 and this is thread id 10976.
2025-05-17 17:47:12,259 - grid_bot - INFO - –°—Ç–∞—Ç–∏—Å—Ç–∏–∫–∞: –∞–∫—Ç–∏–≤–Ω—ã—Ö –æ—Ä–¥–µ—Ä–æ–≤=5, –∏—Å–ø–æ–ª–Ω–µ–Ω–æ=6, –æ–±—ä–µ–º –ø–æ–∫—É–ø–æ–∫=0.000000, –æ–±—ä–µ–º –ø—Ä–æ–¥–∞–∂=0.000000, –æ—Ä–∏–µ–Ω—Ç–∏—Ä–æ–≤–æ—á–Ω–∞—è –ø—Ä–∏–±—ã–ª—å=0.000000
2025-05-17 17:53:15,508 - grid_bot - INFO - –ë–æ—Ç –∑–∞–ø—É—â–µ–Ω –≤ —Ç–µ—Å—Ç–æ–≤–æ–º —Ä–µ–∂–∏–º–µ –±–µ–∑ –¥–æ—Å—Ç—É–ø–∞ –∫ API
2025-05-17 17:53:15,510 - grid_bot - INFO - –ò–Ω–∏—Ü–∏–∞–ª–∏–∑–∏—Ä–æ–≤–∞–Ω Grid-–±–æ—Ç –¥–ª—è BTCUSDT —Å 10 —É—Ä–æ–≤–Ω—è–º–∏
2025-05-17 17:53:15,510 - grid_bot - INFO - –ó–∞–ø—É—Å–∫ Grid-–±–æ—Ç–∞ –¥–ª—è BTCUSDT
2025-05-17 17:53:15,510 - grid_bot - INFO - –ü–∞—Ä–∞–º–µ—Ç—Ä—ã: —É—Ä–æ–≤–Ω–µ–π=10, –∫–æ–ª–∏—á–µ—Å—Ç–≤–æ=0.001
2025-05-17 17:53:15,510 - grid_bot - INFO - –†–µ–∂–∏–º: –¢–ï–°–¢–û–í–´–ô (–±–µ–∑ –¥–æ—Å—Ç—É–ø–∞ –∫ API)
2025-05-17 17:53:15,511 - grid_bot - INFO - –¢–µ—Å—Ç–æ–≤—ã–π —Ä–µ–∂–∏–º: –∏—Å–ø–æ–ª—å–∑—É–µ–º —Ü–µ–Ω—É 103932.0
2025-05-17 17:53:15,511 - grid_bot - INFO - –ê–≤—Ç–æ–º–∞—Ç–∏—á–µ—Å–∫–∏ –æ–ø—Ä–µ–¥–µ–ª–µ–Ω –¥–∏–∞–ø–∞–∑–æ–Ω —Ü–µ–Ω: 101900.0 - 106000.0
2025-05-17 17:53:15,511 - grid_bot - INFO - –í—ã—Å—Ç–∞–≤–ª—è–µ–º –Ω–∞—á–∞–ª—å–Ω—ã–µ –æ—Ä–¥–µ—Ä–∞: 5 Buy, 6 Sell
2025-05-17 17:53:15,512 - grid_bot - INFO - [–¢–ï–°–¢] –°–æ–∑–¥–∞–Ω –æ—Ä–¥–µ—Ä Buy 0.001 BTCUSDT –ø–æ —Ü–µ–Ω–µ 101900.0
2025-05-17 17:53:15,512 - grid_bot - INFO - [–¢–ï–°–¢] –°–æ–∑–¥–∞–Ω –æ—Ä–¥–µ—Ä Buy 0.001 BTCUSDT –ø–æ —Ü–µ–Ω–µ 102310.0
2025-05-17 17:53:15,512 - grid_bot - INFO - [–¢–ï–°–¢] –°–æ–∑–¥–∞–Ω –æ—Ä–¥–µ—Ä Buy 0.001 BTCUSDT –ø–æ —Ü–µ–Ω–µ 102720.0
2025-05-17 17:53:15,512 - grid_bot - INFO - [–¢–ï–°–¢] –°–æ–∑–¥–∞–Ω –æ—Ä–¥–µ—Ä Buy 0.001 BTCUSDT –ø–æ —Ü–µ–Ω–µ 103130.0
2025-05-17 17:53:15,513 - grid_bot - INFO - [–¢–ï–°–¢] –°–æ–∑–¥–∞–Ω –æ—Ä–¥–µ—Ä Buy 0.001 BTCUSDT –ø–æ —Ü–µ–Ω–µ 103540.0
2025-05-17 17:53:15,513 - grid_bot - INFO - [–¢–ï–°–¢] –°–æ–∑–¥–∞–Ω –æ—Ä–¥–µ—Ä Sell 0.001 BTCUSDT –ø–æ —Ü–µ–Ω–µ 103950.0
2025-05-17 17:53:15,513 - grid_bot - INFO - [–¢–ï–°–¢] –°–æ–∑–¥–∞–Ω –æ—Ä–¥–µ—Ä Sell 0.001 BTCUSDT –ø–æ —Ü–µ–Ω–µ 104360.0
2025-05-17 17:53:15,513 - grid_bot - INFO - [–¢–ï–°–¢] –°–æ–∑–¥–∞–Ω –æ—Ä–¥–µ—Ä Sell 0.001 BTCUSDT –ø–æ —Ü–µ–Ω–µ 104770.0
2025-05-17 17:53:15,513 - grid_bot - INFO - [–¢–ï–°–¢] –°–æ–∑–¥–∞–Ω –æ—Ä–¥–µ—Ä Sell 0.001 BTCUSDT –ø–æ —Ü–µ–Ω–µ 105180.0
2025-05-17 17:53:15,513 - grid_bot - INFO - [–¢–ï–°–¢] –°–æ–∑–¥–∞–Ω –æ—Ä–¥–µ—Ä Sell 0.001 BTCUSDT –ø–æ —Ü–µ–Ω–µ 105590.0
2025-05-17 17:53:15,514 - grid_bot - INFO - [–¢–ï–°–¢] –°–æ–∑–¥–∞–Ω –æ—Ä–¥–µ—Ä Sell 0.001 BTCUSDT –ø–æ —Ü–µ–Ω–µ 106000.0
2025-05-17 17:53:15,514 - grid_bot - INFO - –ù–∞—á–∞–ª—å–Ω—ã–µ –æ—Ä–¥–µ—Ä–∞ –≤—ã—Å—Ç–∞–≤–ª–µ–Ω—ã: 11 –∞–∫—Ç–∏–≤–Ω—ã—Ö –æ—Ä–¥–µ—Ä–æ–≤
2025-05-17 17:53:15,514 - grid_bot - INFO - –¢–µ—Å—Ç–æ–≤—ã–π —Ä–µ–∂–∏–º: WebSocket –Ω–µ –∑–∞–ø—É—Å–∫–∞–µ—Ç—Å—è
2025-05-17 17:53:15,515 - grid_bot - INFO - –ó–∞–ø—É—Å–∫ —Å–∏–º—É–ª—è—Ü–∏–∏ –∏—Å–ø–æ–ª–Ω–µ–Ω–∏—è –æ—Ä–¥–µ—Ä–æ–≤
2025-05-17 17:53:15,515 - grid_bot - INFO - Grid-–±–æ—Ç –∑–∞–ø—É—â–µ–Ω –¥–ª—è BTCUSDT
2025-05-17 17:53:17,516 - grid_bot - INFO - [–¢–ï–°–¢] –ò—Å–ø–æ–ª–Ω–µ–Ω –æ—Ä–¥–µ—Ä Buy –ø–æ —Ü–µ–Ω–µ 101900.0
2025-05-17 17:53:17,516 - grid_bot - INFO - –ò—Å–ø–æ–ª–Ω–µ–Ω –æ—Ä–¥–µ—Ä Buy 0.001 BTCUSDT –ø–æ —Ü–µ–Ω–µ 101900.0
2025-05-17 17:53:17,516 - grid_bot - ERROR - –û—à–∏–±–∫–∞ –ø—Ä–∏ –æ–±—Ä–∞–±–æ—Ç–∫–µ –∏—Å–ø–æ–ª–Ω–µ–Ω–∏—è –æ—Ä–¥–µ—Ä–∞: SQLite objects created in a thread can only be used in that same thread. The object was created in thread id 11764 and this is thread id 23884.
2025-05-17 17:53:19,516 - grid_bot - INFO - [–¢–ï–°–¢] –ò—Å–ø–æ–ª–Ω–µ–Ω –æ—Ä–¥–µ—Ä Buy –ø–æ —Ü–µ–Ω–µ 102720.0
2025-05-17 17:53:19,517 - grid_bot - INFO - –ò—Å–ø–æ–ª–Ω–µ–Ω –æ—Ä–¥–µ—Ä Buy 0.001 BTCUSDT –ø–æ —Ü–µ–Ω–µ 102720.0
2025-05-17 17:53:19,517 - grid_bot - ERROR - –û—à–∏–±–∫–∞ –ø—Ä–∏ –æ–±—Ä–∞–±–æ—Ç–∫–µ –∏—Å–ø–æ–ª–Ω–µ–Ω–∏—è –æ—Ä–¥–µ—Ä–∞: SQLite objects created in a thread can only be used in that same thread. The object was created in thread id 11764 and this is thread id 23884.
2025-05-17 17:53:21,518 - grid_bot - INFO - [–¢–ï–°–¢] –ò—Å–ø–æ–ª–Ω–µ–Ω –æ—Ä–¥–µ—Ä Buy –ø–æ —Ü–µ–Ω–µ 103540.0
2025-05-17 17:53:21,519 - grid_bot - INFO - –ò—Å–ø–æ–ª–Ω–µ–Ω –æ—Ä–¥–µ—Ä Buy 0.001 BTCUSDT –ø–æ —Ü–µ–Ω–µ 103540.0
2025-05-17 17:53:21,519 - grid_bot - ERROR - –û—à–∏–±–∫–∞ –ø—Ä–∏ –æ–±—Ä–∞–±–æ—Ç–∫–µ –∏—Å–ø–æ–ª–Ω–µ–Ω–∏—è –æ—Ä–¥–µ—Ä–∞: SQLite objects created in a thread can only be used in that same thread. The object was created in thread id 11764 and this is thread id 23884.
2025-05-17 17:53:23,519 - grid_bot - INFO - [–¢–ï–°–¢] –ò—Å–ø–æ–ª–Ω–µ–Ω –æ—Ä–¥–µ—Ä Sell –ø–æ —Ü–µ–Ω–µ 104360.0
2025-05-17 17:53:23,520 - grid_bot - INFO - –ò—Å–ø–æ–ª–Ω–µ–Ω –æ—Ä–¥–µ—Ä Sell 0.001 BTCUSDT –ø–æ —Ü–µ–Ω–µ 104360.0
2025-05-17 17:53:23,520 - grid_bot - ERROR - –û—à–∏–±–∫–∞ –ø—Ä–∏ –æ–±—Ä–∞–±–æ—Ç–∫–µ –∏—Å–ø–æ–ª–Ω–µ–Ω–∏—è –æ—Ä–¥–µ—Ä–∞: SQLite objects created in a thread can only be used in that same thread. The object was created in thread id 11764 and this is thread id 23884.
2025-05-17 17:53:25,521 - grid_bot - INFO - [–¢–ï–°–¢] –ò—Å–ø–æ–ª–Ω–µ–Ω –æ—Ä–¥–µ—Ä Sell –ø–æ —Ü–µ–Ω–µ 105180.0
2025-05-17 17:53:25,521 - grid_bot - INFO - –ò—Å–ø–æ–ª–Ω–µ–Ω –æ—Ä–¥–µ—Ä Sell 0.001 BTCUSDT –ø–æ —Ü–µ–Ω–µ 105180.0
2025-05-17 17:53:25,522 - grid_bot - ERROR - –û—à–∏–±–∫–∞ –ø—Ä–∏ –æ–±—Ä–∞–±–æ—Ç–∫–µ –∏—Å–ø–æ–ª–Ω–µ–Ω–∏—è –æ—Ä–¥–µ—Ä–∞: SQLite objects created in a thread can only be used in that same thread. The object was created in thread id 11764 and this is thread id 23884.
2025-05-17 17:53:27,523 - grid_bot - INFO - [–¢–ï–°–¢] –ò—Å–ø–æ–ª–Ω–µ–Ω –æ—Ä–¥–µ—Ä Sell –ø–æ —Ü–µ–Ω–µ 106000.0
2025-05-17 17:53:27,523 - grid_bot - INFO - –ò—Å–ø–æ–ª–Ω–µ–Ω –æ—Ä–¥–µ—Ä Sell 0.001 BTCUSDT –ø–æ —Ü–µ–Ω–µ 106000.0
2025-05-17 17:53:27,523 - grid_bot - ERROR - –û—à–∏–±–∫–∞ –ø—Ä–∏ –æ–±—Ä–∞–±–æ—Ç–∫–µ –∏—Å–ø–æ–ª–Ω–µ–Ω–∏—è –æ—Ä–¥–µ—Ä–∞: SQLite objects created in a thread can only be used in that same thread. The object was created in thread id 11764 and this is thread id 23884.
2025-05-17 17:56:52,504 - grid_bot - INFO - –ë–æ—Ç –∑–∞–ø—É—â–µ–Ω –≤ —Ç–µ—Å—Ç–æ–≤–æ–º —Ä–µ–∂–∏–º–µ –±–µ–∑ –¥–æ—Å—Ç—É–ø–∞ –∫ API
2025-05-17 17:56:52,505 - grid_bot - INFO - –ò–Ω–∏—Ü–∏–∞–ª–∏–∑–∏—Ä–æ–≤–∞–Ω Grid-–±–æ—Ç –¥–ª—è BTCUSDT —Å 10 —É—Ä–æ–≤–Ω—è–º–∏
2025-05-17 17:56:52,505 - grid_bot - INFO - –ó–∞–ø—É—Å–∫ Grid-–±–æ—Ç–∞ –¥–ª—è BTCUSDT
2025-05-17 17:56:52,505 - grid_bot - INFO - –ü–∞—Ä–∞–º–µ—Ç—Ä—ã: —É—Ä–æ–≤–Ω–µ–π=10, –∫–æ–ª–∏—á–µ—Å—Ç–≤–æ=0.001
2025-05-17 17:56:52,505 - grid_bot - INFO - –†–µ–∂–∏–º: –¢–ï–°–¢–û–í–´–ô (–±–µ–∑ –¥–æ—Å—Ç—É–ø–∞ –∫ API)
2025-05-17 17:56:52,505 - grid_bot - INFO - –¢–µ—Å—Ç–æ–≤—ã–π —Ä–µ–∂–∏–º: –∏—Å–ø–æ–ª—å–∑—É–µ–º —Ü–µ–Ω—É 103932.0
2025-05-17 17:56:52,506 - grid_bot - INFO - –ê–≤—Ç–æ–º–∞—Ç–∏—á–µ—Å–∫–∏ –æ–ø—Ä–µ–¥–µ–ª–µ–Ω –¥–∏–∞–ø–∞–∑–æ–Ω —Ü–µ–Ω: 101900.0 - 106000.0
2025-05-17 17:56:52,506 - grid_bot - INFO - –í—ã—Å—Ç–∞–≤–ª—è–µ–º –Ω–∞—á–∞–ª—å–Ω—ã–µ –æ—Ä–¥–µ—Ä–∞: 5 Buy, 6 Sell
2025-05-17 17:56:52,506 - grid_bot - INFO - [–¢–ï–°–¢] –°–æ–∑–¥–∞–Ω –æ—Ä–¥–µ—Ä Buy 0.001 BTCUSDT –ø–æ —Ü–µ–Ω–µ 101900.0
2025-05-17 17:56:52,507 - grid_bot - INFO - [–¢–ï–°–¢] –°–æ–∑–¥–∞–Ω –æ—Ä–¥–µ—Ä Buy 0.001 BTCUSDT –ø–æ —Ü–µ–Ω–µ 102310.0
2025-05-17 17:56:52,507 - grid_bot - INFO - [–¢–ï–°–¢] –°–æ–∑–¥–∞–Ω –æ—Ä–¥–µ—Ä Buy 0.001 BTCUSDT –ø–æ —Ü–µ–Ω–µ 102720.0
2025-05-17 17:56:52,507 - grid_bot - INFO - [–¢–ï–°–¢] –°–æ–∑–¥–∞–Ω –æ—Ä–¥–µ—Ä Buy 0.001 BTCUSDT –ø–æ —Ü–µ–Ω–µ 103130.0
2025-05-17 17:56:52,507 - grid_bot - INFO - [–¢–ï–°–¢] –°–æ–∑–¥–∞–Ω –æ—Ä–¥–µ—Ä Buy 0.001 BTCUSDT –ø–æ —Ü–µ–Ω–µ 103540.0
2025-05-17 17:56:52,507 - grid_bot - INFO - [–¢–ï–°–¢] –°–æ–∑–¥–∞–Ω –æ—Ä–¥–µ—Ä Sell 0.001 BTCUSDT –ø–æ —Ü–µ–Ω–µ 103950.0
2025-05-17 17:56:52,508 - grid_bot - INFO - [–¢–ï–°–¢] –°–æ–∑–¥–∞–Ω –æ—Ä–¥–µ—Ä Sell 0.001 BTCUSDT –ø–æ —Ü–µ–Ω–µ 104360.0
2025-05-17 17:56:52,508 - grid_bot - INFO - [–¢–ï–°–¢] –°–æ–∑–¥–∞–Ω –æ—Ä–¥–µ—Ä Sell 0.001 BTCUSDT –ø–æ —Ü–µ–Ω–µ 104770.0
2025-05-17 17:56:52,508 - grid_bot - INFO - [–¢–ï–°–¢] –°–æ–∑–¥–∞–Ω –æ—Ä–¥–µ—Ä Sell 0.001 BTCUSDT –ø–æ —Ü–µ–Ω–µ 105180.0
2025-05-17 17:56:52,508 - grid_bot - INFO - [–¢–ï–°–¢] –°–æ–∑–¥–∞–Ω –æ—Ä–¥–µ—Ä Sell 0.001 BTCUSDT –ø–æ —Ü–µ–Ω–µ 105590.0
2025-05-17 17:56:52,508 - grid_bot - INFO - [–¢–ï–°–¢] –°–æ–∑–¥–∞–Ω –æ—Ä–¥–µ—Ä Sell 0.001 BTCUSDT –ø–æ —Ü–µ–Ω–µ 106000.0
2025-05-17 17:56:52,509 - grid_bot - INFO - –ù–∞—á–∞–ª—å–Ω—ã–µ –æ—Ä–¥–µ—Ä–∞ –≤—ã—Å—Ç–∞–≤–ª–µ–Ω—ã: 11 –∞–∫—Ç–∏–≤–Ω—ã—Ö –æ—Ä–¥–µ—Ä–æ–≤
2025-05-17 17:56:52,509 - grid_bot - INFO - –¢–µ—Å—Ç–æ–≤—ã–π —Ä–µ–∂–∏–º: WebSocket –Ω–µ –∑–∞–ø—É—Å–∫–∞–µ—Ç—Å—è
2025-05-17 17:56:52,509 - grid_bot - INFO - –ó–∞–ø—É—Å–∫ —Å–∏–º—É–ª—è—Ü–∏–∏ –∏—Å–ø–æ–ª–Ω–µ–Ω–∏—è –æ—Ä–¥–µ—Ä–æ–≤
2025-05-17 17:56:52,509 - grid_bot - INFO - Grid-–±–æ—Ç –∑–∞–ø—É—â–µ–Ω –¥–ª—è BTCUSDT
2025-05-17 17:56:54,510 - grid_bot - INFO - [–¢–ï–°–¢] –ò—Å–ø–æ–ª–Ω–µ–Ω –æ—Ä–¥–µ—Ä Buy –ø–æ —Ü–µ–Ω–µ 101900.0
2025-05-17 17:56:54,510 - grid_bot - INFO - –ò—Å–ø–æ–ª–Ω–µ–Ω –æ—Ä–¥–µ—Ä Buy 0.001 BTCUSDT –ø–æ —Ü–µ–Ω–µ 101900.0
2025-05-17 17:56:54,511 - grid_bot - INFO - –ó–µ—Ä–∫–∞–ª—å–Ω—ã–π –æ—Ä–¥–µ—Ä –¥–ª—è Buy –ø–æ —Ü–µ–Ω–µ 101900.0 –Ω–µ —Å–æ–∑–¥–∞–Ω
2025-05-17 17:56:56,511 - grid_bot - INFO - [–¢–ï–°–¢] –ò—Å–ø–æ–ª–Ω–µ–Ω –æ—Ä–¥–µ—Ä Buy –ø–æ —Ü–µ–Ω–µ 102720.0
2025-05-17 17:56:56,512 - grid_bot - INFO - –ò—Å–ø–æ–ª–Ω–µ–Ω –æ—Ä–¥–µ—Ä Buy 0.001 BTCUSDT –ø–æ —Ü–µ–Ω–µ 102720.0
2025-05-17 17:56:56,512 - grid_bot - INFO - [–¢–ï–°–¢] –°–æ–∑–¥–∞–Ω –∑–µ—Ä–∫–∞–ª—å–Ω—ã–π –æ—Ä–¥–µ—Ä Sell 0.001 –ø–æ —Ü–µ–Ω–µ 103130.0
2025-05-17 17:56:58,513 - grid_bot - INFO - [–¢–ï–°–¢] –ò—Å–ø–æ–ª–Ω–µ–Ω –æ—Ä–¥–µ—Ä Buy –ø–æ —Ü–µ–Ω–µ 103540.0
2025-05-17 17:56:58,513 - grid_bot - INFO - –ò—Å–ø–æ–ª–Ω–µ–Ω –æ—Ä–¥–µ—Ä Buy 0.001 BTCUSDT –ø–æ —Ü–µ–Ω–µ 103540.0
2025-05-17 17:56:58,514 - grid_bot - INFO - –ó–µ—Ä–∫–∞–ª—å–Ω—ã–π –æ—Ä–¥–µ—Ä –¥–ª—è Buy –ø–æ —Ü–µ–Ω–µ 103540.0 –Ω–µ —Å–æ–∑–¥–∞–Ω
2025-05-17 17:57:00,514 - grid_bot - INFO - [–¢–ï–°–¢] –ò—Å–ø–æ–ª–Ω–µ–Ω –æ—Ä–¥–µ—Ä Sell –ø–æ —Ü–µ–Ω–µ 104360.0
2025-05-17 17:57:00,515 - grid_bot - INFO - –ò—Å–ø–æ–ª–Ω–µ–Ω –æ—Ä–¥–µ—Ä Sell 0.001 BTCUSDT –ø–æ —Ü–µ–Ω–µ 104360.0
2025-05-17 17:57:00,515 - grid_bot - INFO - [–¢–ï–°–¢] –°–æ–∑–¥–∞–Ω –∑–µ—Ä–∫–∞–ª—å–Ω—ã–π –æ—Ä–¥–µ—Ä Buy 0.001 –ø–æ —Ü–µ–Ω–µ 103950.0
2025-05-17 17:57:02,516 - grid_bot - INFO - [–¢–ï–°–¢] –ò—Å–ø–æ–ª–Ω–µ–Ω –æ—Ä–¥–µ—Ä Sell –ø–æ —Ü–µ–Ω–µ 105180.0
2025-05-17 17:57:02,516 - grid_bot - INFO - –ò—Å–ø–æ–ª–Ω–µ–Ω –æ—Ä–¥–µ—Ä Sell 0.001 BTCUSDT –ø–æ —Ü–µ–Ω–µ 105180.0
2025-05-17 17:57:02,517 - grid_bot - INFO - [–¢–ï–°–¢] –°–æ–∑–¥–∞–Ω –∑–µ—Ä–∫–∞–ª—å–Ω—ã–π –æ—Ä–¥–µ—Ä Buy 0.001 –ø–æ —Ü–µ–Ω–µ 104770.0
2025-05-17 17:57:04,517 - grid_bot - INFO - [–¢–ï–°–¢] –ò—Å–ø–æ–ª–Ω–µ–Ω –æ—Ä–¥–µ—Ä Sell –ø–æ —Ü–µ–Ω–µ 106000.0
2025-05-17 17:57:04,518 - grid_bot - INFO - –ò—Å–ø–æ–ª–Ω–µ–Ω –æ—Ä–¥–µ—Ä Sell 0.001 BTCUSDT –ø–æ —Ü–µ–Ω–µ 106000.0
2025-05-17 17:57:04,518 - grid_bot - INFO - –ó–µ—Ä–∫–∞–ª—å–Ω—ã–π –æ—Ä–¥–µ—Ä –¥–ª—è Sell –ø–æ —Ü–µ–Ω–µ 106000.0 –Ω–µ —Å–æ–∑–¥–∞–Ω
2025-05-17 17:57:52,510 - grid_bot - INFO - –°—Ç–∞—Ç–∏—Å—Ç–∏–∫–∞: –∞–∫—Ç–∏–≤–Ω—ã—Ö –æ—Ä–¥–µ—Ä–æ–≤=8, –∏—Å–ø–æ–ª–Ω–µ–Ω–æ=6, –æ–±—ä–µ–º –ø–æ–∫—É–ø–æ–∫=0.003000, –æ–±—ä–µ–º –ø—Ä–æ–¥–∞–∂=0.003000, –æ—Ä–∏–µ–Ω—Ç–∏—Ä–æ–≤–æ—á–Ω–∞—è –ø—Ä–∏–±—ã–ª—å=7.380000
2025-05-17 17:58:52,512 - grid_bot - INFO - –°—Ç–∞—Ç–∏—Å—Ç–∏–∫–∞: –∞–∫—Ç–∏–≤–Ω—ã—Ö –æ—Ä–¥–µ—Ä–æ–≤=8, –∏—Å–ø–æ–ª–Ω–µ–Ω–æ=6, –æ–±—ä–µ–º –ø–æ–∫—É–ø–æ–∫=0.003000, –æ–±—ä–µ–º –ø—Ä–æ–¥–∞–∂=0.003000, –æ—Ä–∏–µ–Ω—Ç–∏—Ä–æ–≤–æ—á–Ω–∞—è –ø—Ä–∏–±—ã–ª—å=7.380000
2025-05-17 17:59:52,513 - grid_bot - INFO - –°—Ç–∞—Ç–∏—Å—Ç–∏–∫–∞: –∞–∫—Ç–∏–≤–Ω—ã—Ö –æ—Ä–¥–µ—Ä–æ–≤=8, –∏—Å–ø–æ–ª–Ω–µ–Ω–æ=6, –æ–±—ä–µ–º –ø–æ–∫—É–ø–æ–∫=0.003000, –æ–±—ä–µ–º –ø—Ä–æ–¥–∞–∂=0.003000, –æ—Ä–∏–µ–Ω—Ç–∏—Ä–æ–≤–æ—á–Ω–∞—è –ø—Ä–∏–±—ã–ª—å=7.380000
2025-05-17 18:00:52,515 - grid_bot - INFO - –°—Ç–∞—Ç–∏—Å—Ç–∏–∫–∞: –∞–∫—Ç–∏–≤–Ω—ã—Ö –æ—Ä–¥–µ—Ä–æ–≤=8, –∏—Å–ø–æ–ª–Ω–µ–Ω–æ=6, –æ–±—ä–µ–º –ø–æ–∫—É–ø–æ–∫=0.003000, –æ–±—ä–µ–º –ø—Ä–æ–¥–∞–∂=0.003000, –æ—Ä–∏–µ–Ω—Ç–∏—Ä–æ–≤–æ—á–Ω–∞—è –ø—Ä–∏–±—ã–ª—å=7.380000
2025-05-17 18:01:52,516 - grid_bot - INFO - –°—Ç–∞—Ç–∏—Å—Ç–∏–∫–∞: –∞–∫—Ç–∏–≤–Ω—ã—Ö –æ—Ä–¥–µ—Ä–æ–≤=8, –∏—Å–ø–æ–ª–Ω–µ–Ω–æ=6, –æ–±—ä–µ–º –ø–æ–∫—É–ø–æ–∫=0.003000, –æ–±—ä–µ–º –ø—Ä–æ–¥–∞–∂=0.003000, –æ—Ä–∏–µ–Ω—Ç–∏—Ä–æ–≤–æ—á–Ω–∞—è –ø—Ä–∏–±—ã–ª—å=7.380000
2025-05-17 18:02:52,518 - grid_bot - INFO - –°—Ç–∞—Ç–∏—Å—Ç–∏–∫–∞: –∞–∫—Ç–∏–≤–Ω—ã—Ö –æ—Ä–¥–µ—Ä–æ–≤=8, –∏—Å–ø–æ–ª–Ω–µ–Ω–æ=6, –æ–±—ä–µ–º –ø–æ–∫—É–ø–æ–∫=0.003000, –æ–±—ä–µ–º –ø—Ä–æ–¥–∞–∂=0.003000, –æ—Ä–∏–µ–Ω—Ç–∏—Ä–æ–≤–æ—á–Ω–∞—è –ø—Ä–∏–±—ã–ª—å=7.380000
2025-05-17 18:03:52,520 - grid_bot - INFO - –°—Ç–∞—Ç–∏—Å—Ç–∏–∫–∞: –∞–∫—Ç–∏–≤–Ω—ã—Ö –æ—Ä–¥–µ—Ä–æ–≤=8, –∏—Å–ø–æ–ª–Ω–µ–Ω–æ=6, –æ–±—ä–µ–º –ø–æ–∫—É–ø–æ–∫=0.003000, –æ–±—ä–µ–º –ø—Ä–æ–¥–∞–∂=0.003000, –æ—Ä–∏–µ–Ω—Ç–∏—Ä–æ–≤–æ—á–Ω–∞—è –ø—Ä–∏–±—ã–ª—å=7.380000
2025-05-17 18:04:52,522 - grid_bot - INFO - –°—Ç–∞—Ç–∏—Å—Ç–∏–∫–∞: –∞–∫—Ç–∏–≤–Ω—ã—Ö –æ—Ä–¥–µ—Ä–æ–≤=8, –∏—Å–ø–æ–ª–Ω–µ–Ω–æ=6, –æ–±—ä–µ–º –ø–æ–∫—É–ø–æ–∫=0.003000, –æ–±—ä–µ–º –ø—Ä–æ–¥–∞–∂=0.003000, –æ—Ä–∏–µ–Ω—Ç–∏—Ä–æ–≤–æ—á–Ω–∞—è –ø—Ä–∏–±—ã–ª—å=7.380000
2025-05-17 18:05:52,523 - grid_bot - INFO - –°—Ç–∞—Ç–∏—Å—Ç–∏–∫–∞: –∞–∫—Ç–∏–≤–Ω—ã—Ö –æ—Ä–¥–µ—Ä–æ–≤=8, –∏—Å–ø–æ–ª–Ω–µ–Ω–æ=6, –æ–±—ä–µ–º –ø–æ–∫—É–ø–æ–∫=0.003000, –æ–±—ä–µ–º –ø—Ä–æ–¥–∞–∂=0.003000, –æ—Ä–∏–µ–Ω—Ç–∏—Ä–æ–≤–æ—á–Ω–∞—è –ø—Ä–∏–±—ã–ª—å=7.380000
2025-05-17 18:06:52,525 - grid_bot - INFO - –°—Ç–∞—Ç–∏—Å—Ç–∏–∫–∞: –∞–∫—Ç–∏–≤–Ω—ã—Ö –æ—Ä–¥–µ—Ä–æ–≤=8, –∏—Å–ø–æ–ª–Ω–µ–Ω–æ=6, –æ–±—ä–µ–º –ø–æ–∫—É–ø–æ–∫=0.003000, –æ–±—ä–µ–º –ø—Ä–æ–¥–∞–∂=0.003000, –æ—Ä–∏–µ–Ω—Ç–∏—Ä–æ–≤–æ—á–Ω–∞—è –ø—Ä–∏–±—ã–ª—å=7.380000
